This is pdfTeX, Version 3.1415926-2.3-1.40.12 (MiKTeX 2.9) (preloaded format=latex 2011.11.16)  27 NOV 2011 23:12
entering extended mode
**artigo*LaTeX2711.tex
("C:\Users\Luciano\article\LaTeX\artigo LaTeX2711.tex"
LaTeX2e <2011/06/27>
Babel <v3.8m> and hyphenation patterns for english, afrikaans, ancientgreek, ar
abic, armenian, assamese, basque, bengali, bokmal, bulgarian, catalan, coptic, 
croatian, czech, danish, dutch, esperanto, estonian, farsi, finnish, french, ga
lician, german, german-x-2009-06-19, greek, gujarati, hindi, hungarian, iceland
ic, indonesian, interlingua, irish, italian, kannada, kurmanji, lao, latin, lat
vian, lithuanian, malayalam, marathi, mongolian, mongolianlmc, monogreek, ngerm
an, ngerman-x-2009-06-19, nynorsk, oriya, panjabi, pinyin, polish, portuguese, 
romanian, russian, sanskrit, serbian, slovak, slovenian, spanish, swedish, swis
sgerman, tamil, telugu, turkish, turkmen, ukenglish, ukrainian, uppersorbian, u
senglishmax, welsh, loaded.
("C:\Program Files (x86)\MiKTeX 2.9\tex\latex\base\article.cls"
Document Class: article 2007/10/19 v1.4h Standard LaTeX document class
("C:\Program Files (x86)\MiKTeX 2.9\tex\latex\base\size11.clo"
File: size11.clo 2007/10/19 v1.4h Standard LaTeX file (size option)
)
\c@part=\count79
\c@section=\count80
\c@subsection=\count81
\c@subsubsection=\count82
\c@paragraph=\count83
\c@subparagraph=\count84
\c@figure=\count85
\c@table=\count86
\abovecaptionskip=\skip41
\belowcaptionskip=\skip42
\bibindent=\dimen102
)
("C:\Program Files (x86)\MiKTeX 2.9\tex\latex\graphics\color.sty"
Package: color 2005/11/14 v1.0j Standard LaTeX Color (DPC)

("C:\Program Files (x86)\MiKTeX 2.9\tex\latex\00miktex\color.cfg"
File: color.cfg 2007/01/18 v1.5 color configuration of teTeX/TeXLive
)
Package color Info: Driver file: dvips.def on input line 130.

("C:\Program Files (x86)\MiKTeX 2.9\tex\latex\graphics\dvips.def"
File: dvips.def 1999/02/16 v3.0i Driver-dependant file (DPC,SPQR)
)
("C:\Program Files (x86)\MiKTeX 2.9\tex\latex\graphics\dvipsnam.def"
File: dvipsnam.def 1999/02/16 v3.0i Driver-dependant file (DPC,SPQR)
))
("C:\Program Files (x86)\MiKTeX 2.9\tex\latex\graphics\graphicx.sty"
Package: graphicx 1999/02/16 v1.0f Enhanced LaTeX Graphics (DPC,SPQR)

("C:\Program Files (x86)\MiKTeX 2.9\tex\latex\graphics\keyval.sty"
Package: keyval 1999/03/16 v1.13 key=value parser (DPC)
\KV@toks@=\toks14
)
("C:\Program Files (x86)\MiKTeX 2.9\tex\latex\graphics\graphics.sty"
Package: graphics 2009/02/05 v1.0o Standard LaTeX Graphics (DPC,SPQR)

("C:\Program Files (x86)\MiKTeX 2.9\tex\latex\graphics\trig.sty"
Package: trig 1999/03/16 v1.09 sin cos tan (DPC)
)
("C:\Program Files (x86)\MiKTeX 2.9\tex\latex\00miktex\graphics.cfg"
File: graphics.cfg 2007/01/18 v1.5 graphics configuration of teTeX/TeXLive
)
Package graphics Info: Driver file: dvips.def on input line 91.
)
\Gin@req@height=\dimen103
\Gin@req@width=\dimen104
)
("C:\Program Files (x86)\MiKTeX 2.9\tex\latex\tools\indentfirst.sty"
Package: indentfirst 1995/11/23 v1.03 Indent first paragraph (DPC)
)
("C:\Users\Luciano\article\LaTeX\artigo LaTeX2711.aux")
LaTeX Font Info:    Checking defaults for OML/cmm/m/it on input line 12.
LaTeX Font Info:    ... okay on input line 12.
LaTeX Font Info:    Checking defaults for T1/cmr/m/n on input line 12.
LaTeX Font Info:    ... okay on input line 12.
LaTeX Font Info:    Checking defaults for OT1/cmr/m/n on input line 12.
LaTeX Font Info:    ... okay on input line 12.
LaTeX Font Info:    Checking defaults for OMS/cmsy/m/n on input line 12.
LaTeX Font Info:    ... okay on input line 12.
LaTeX Font Info:    Checking defaults for OMX/cmex/m/n on input line 12.
LaTeX Font Info:    ... okay on input line 12.
LaTeX Font Info:    Checking defaults for U/cmr/m/n on input line 12.
LaTeX Font Info:    ... okay on input line 12.
LaTeX Font Info:    External font `cmex10' loaded for size
(Font)              <12> on input line 30.
LaTeX Font Info:    External font `cmex10' loaded for size
(Font)              <8> on input line 30.
LaTeX Font Info:    External font `cmex10' loaded for size
(Font)              <6> on input line 30.
LaTeX Font Info:    External font `cmex10' loaded for size
(Font)              <10.95> on input line 32.
 [1

] [2] [3]
File: figart.ps Graphic file (type eps)

<figart.ps> [4] [5]
File: quadro1.ps Graphic file (type eps)
 <quadro1.ps>
File: quadro2.ps Graphic file (type eps)
 <quadro2.ps> [6] [7] [8]
Overfull \hbox (7.76538pt too wide) in paragraph at lines 175--176
[][]\OT1/cmr/m/n/10.95 One of the cen-tral char-ac-ter-is-tics of suc-cess-ful 
dis-tributed soft-ware projects
 []

[9] [10] [11] [12] [13] [14]
Missing character: There is no ’ in font cmr10!

Underfull \hbox (badness 3128) in paragraph at lines 264--265
\OT1/cmr/m/n/10.95 age-ment, http://www.goodreads.com/book/show/5023938-system-
and-
 []

[15]
Underfull \hbox (badness 10000) in paragraph at lines 272--273
[][]\OT1/cmr/m/n/10.95 Braun W.(2002), The Sys-tem Archetypes, http://wwwu.uni-

 []


Underfull \hbox (badness 10000) in paragraph at lines 274--276
[][]\OT1/cmr/m/n/10.95 Bellinger G. (2008), Archetypes Sys-tems,
 []


Underfull \hbox (badness 10000) in paragraph at lines 287--288
[][]\OT1/cmr/m/n/10.95 Tom Fid-daman's Sys-tem Dy-nam-ics Model Li-brary,
 []


Underfull \hbox (badness 10000) in paragraph at lines 295--296
[][]\OT1/cmr/m/n/10.95 Research on Re-search, DUKE Uni-ver-sity,
 []

[16]
Overfull \hbox (36.51222pt too wide) in paragraph at lines 299--300
[][]\OT1/cmr/m/n/10.95 System Dy-nam-ics So-ci-ety, http://www.systemdynamics.o
rg/biblio/sdbibi.html 
 []

Missing character: There is no “ in font cmr10!
Missing character: There is no ’ in font cmr10!
Missing character: There is no ” in font cmr10!
Missing character: There is no “ in font cmr10!
Missing character: There is no ” in font cmr10!
[17]
Overfull \hbox (48.73962pt too wide) in paragraph at lines 333--334
[][]\OT1/cmr/m/n/10.95 Duke Uni-ver-sity Med-i-cal Cen-ter,http://www.researcho
nresearch.org/?q=node/14 
 []


Underfull \hbox (badness 10000) in paragraph at lines 335--336
[][]\OT1/cmr/m/n/10.95 Archetypes In-ter-ac-tion Struc-tures of the Uni-verse,
 []

[18] ("C:\Users\Luciano\article\LaTeX\artigo LaTeX2711.aux") ) 
Here is how much of TeX's memory you used:
 787 strings out of 494046
 10755 string characters out of 3145985
 59082 words of memory out of 3000000
 4120 multiletter control sequences out of 15000+200000
 9119 words of font info for 32 fonts, out of 3000000 for 9000
 715 hyphenation exceptions out of 8191
 25i,7n,19p,1519b,250s stack positions out of 5000i,500n,10000p,200000b,50000s

Output written on "artigo LaTeX2711.dvi" (18 pages, 56972 bytes).
